[1/2] /mnt/beegfs/mveril/git/quantum_package/scripts/compilation/qp_create_ninja.py update
[1/2] Compile only CC
[1/4] Generating Png representation of the Tree Dependencies of CC
[2/4] Running IRPF90 for CC
FAILED: /mnt/beegfs/mveril/git/quantum_package/plugins/CC/irpf90_entities /mnt/beegfs/mveril/git/quantum_package/plugins/CC/tags /mnt/beegfs/mveril/git/quantum_package/plugins/CC/IRPF90_temp/build.ninja 
cd /mnt/beegfs/mveril/git/quantum_package/plugins/CC ; export FC='cache_compile.py ifort -qopenmp -g -traceback' ; export FCFLAGS='-xSSE4.2 -C -fpe0' ; export LIB='-mkl=parallel /mnt/beegfs/mveril/git/quantum_package/lib/libezfio_irp.a /mnt/beegfs/mveril/git/quantum_package/lib/libf77zmq.a /mnt/beegfs/mveril/git/quantum_package/lib/libzmq.a -lstdc++ -lrt ' ; export SRC='/mnt/beegfs/mveril/git/quantum_package/plugins/CC/Integrals_Monoelec/pseudopot.f90 /mnt/beegfs/mveril/git/quantum_package/plugins/CC/Bitmask/bitmasks_module.f90 /mnt/beegfs/mveril/git/quantum_package/plugins/CC/ZMQ/f77_zmq_module.f90 /mnt/beegfs/mveril/git/quantum_package/plugins/CC/Utils/map_module.f90 /mnt/beegfs/mveril/git/quantum_package/plugins/CC/Utils/mmap.f90 /mnt/beegfs/mveril/git/quantum_package/plugins/CC/Utils/fortran_mmap.c' ; export OBJ='/mnt/beegfs/mveril/git/quantum_package/plugins/CC/IRPF90_temp/Integrals_Monoelec/pseudopot.o /mnt/beegfs/mveril/git/quantum_package/plugins/CC/IRPF90_temp/Bitmask/bitmasks_module.o /mnt/beegfs/mveril/git/quantum_package/plugins/CC/IRPF90_temp/ZMQ/f77_zmq_module.o /mnt/beegfs/mveril/git/quantum_package/plugins/CC/IRPF90_temp/Utils/map_module.o /mnt/beegfs/mveril/git/quantum_package/plugins/CC/IRPF90_temp/Utils/mmap.o /mnt/beegfs/mveril/git/quantum_package/plugins/CC/IRPF90_temp/Utils/fortran_mmap.o' ; irpf90 -I Ezfio_files -I Determinants -I Integrals_Monoelec -I MO_Basis -I Integrals_Bielec -I Pseudo -I FourIdx -I MPI -I AO_Basis -I Bitmask -I Hartree_Fock -I Electrons -I MOGuess -I Nuclei -I ZMQ -I Utils --ninja --align=32 --assert --openmp
Traceback (most recent call last):
  File "/mnt/beegfs/mveril/git/quantum_package/install/irpf90/bin/irpf90", line 39, in <module>
    main()
  File "/mnt/beegfs/mveril/git/quantum_package/install/irpf90/bin/irpf90", line 37, in main
    irpf90.main()
  File "/mnt/beegfs/mveril/git/quantum_package/install/irpf90/bin/../src/irpf90.py", line 93, in main
    from modules import modules, write_module
  File "/mnt/beegfs/mveril/git/quantum_package/install/irpf90/src/../src/modules.py", line 29, in <module>
    from parsed_text import parsed_text
  File "/mnt/beegfs/mveril/git/quantum_package/install/irpf90/src/../src/parsed_text.py", line 32, in <module>
    from subroutines import subroutines
  File "/mnt/beegfs/mveril/git/quantum_package/install/irpf90/src/../src/subroutines.py", line 68, in <module>
    create_called_by(subroutines,variables)
  File "/mnt/beegfs/mveril/git/quantum_package/install/irpf90/src/../src/subroutines.py", line 57, in create_called_by
    for x in s.calls:
  File "/mnt/beegfs/mveril/git/quantum_package/install/irpf90/src/../src/subroutine.py", line 119, in calls
    sub = line.text.split('(',1)[0].split()[1].lower()
IndexError: list index out of range
ninja: build stopped: subcommand failed.
FAILED: local 
ninja -f /mnt/beegfs/mveril/git/quantum_package/config/build.ninja module_CC
ninja: build stopped: subcommand failed.
